INFO  04:03:54 Application started. Press Ctrl+C to shut down.
INFO  04:03:54 Application started. Press Ctrl+C to shut down.
INFO  04:03:54 Hosting environment: Development
INFO  04:03:54 Hosting environment: Development
INFO  04:03:54 Content root path: G:\visual studio\CTS MFPE Project V3\Retail Product Management\ECommercePortal\EComPortal
INFO  04:03:54 Content root path: G:\visual studio\CTS MFPE Project V3\Retail Product Management\ECommercePortal\EComPortal
INFO  04:04:10  Index--Get All 
INFO  04:04:10  Http GET request--Get All 
INFO  04:09:02 Application started. Press Ctrl+C to shut down.
INFO  04:09:02 Application started. Press Ctrl+C to shut down.
INFO  04:09:02 Hosting environment: Development
INFO  04:09:02 Hosting environment: Development
INFO  04:09:02 Content root path: G:\visual studio\CTS MFPE Project V3\Retail Product Management\ECommercePortal\EComPortal
INFO  04:09:02 Content root path: G:\visual studio\CTS MFPE Project V3\Retail Product Management\ECommercePortal\EComPortal
INFO  04:09:08  login view 
INFO  04:09:13  Auth Action 
INFO  04:09:15  Invalid UserName or password 
INFO  04:09:21  Auth Action 
INFO  04:09:22 Login succcess
INFO  04:09:22 Login succcess View
INFO  04:09:24  Index--Get All 
INFO  04:09:24  Http GET request--Get All 
